c:\users\björn\documents\visual studio 2015\projects\accsaverv2\accsaverv2\x64\release\main.obj
c:\users\björn\documents\visual studio 2015\projects\accsaverv2\accsaverv2\x64\release\moc_accsaverv2.obj
c:\users\björn\documents\visual studio 2015\projects\accsaverv2\accsaverv2\x64\release\accsaverv2.obj
c:\users\björn\documents\visual studio 2015\projects\accsaverv2\accsaverv2\x64\release\qrc_accsaverv2.obj
c:\users\björn\documents\visual studio 2015\projects\accsaverv2\accsaverv2\generatedfiles\moc_accsaverv2.cpp
c:\users\björn\documents\visual studio 2015\projects\accsaverv2\accsaverv2\generatedfiles\qrc_accsaverv2.cpp
c:\users\björn\documents\visual studio 2015\projects\accsaverv2\x64\release\accsaverv2.exe
c:\users\björn\documents\visual studio 2015\projects\accsaverv2\accsaverv2\x64\release\accsaverv2.res
c:\users\björn\documents\visual studio 2015\projects\accsaverv2\accsaverv2\x64\release\accsaverv2.tlog\cl.command.1.tlog
c:\users\björn\documents\visual studio 2015\projects\accsaverv2\accsaverv2\x64\release\accsaverv2.tlog\cl.read.1.tlog
c:\users\björn\documents\visual studio 2015\projects\accsaverv2\accsaverv2\x64\release\accsaverv2.tlog\cl.write.1.tlog
c:\users\björn\documents\visual studio 2015\projects\accsaverv2\accsaverv2\x64\release\accsaverv2.tlog\custombuild.command.1.tlog
c:\users\björn\documents\visual studio 2015\projects\accsaverv2\accsaverv2\x64\release\accsaverv2.tlog\custombuild.read.1.tlog
c:\users\björn\documents\visual studio 2015\projects\accsaverv2\accsaverv2\x64\release\accsaverv2.tlog\custombuild.write.1.tlog
c:\users\björn\documents\visual studio 2015\projects\accsaverv2\accsaverv2\x64\release\accsaverv2.tlog\link.command.1.tlog
c:\users\björn\documents\visual studio 2015\projects\accsaverv2\accsaverv2\x64\release\accsaverv2.tlog\link.read.1.tlog
c:\users\björn\documents\visual studio 2015\projects\accsaverv2\accsaverv2\x64\release\accsaverv2.tlog\link.write.1.tlog
c:\users\björn\documents\visual studio 2015\projects\accsaverv2\accsaverv2\x64\release\accsaverv2.tlog\rc.command.1.tlog
c:\users\björn\documents\visual studio 2015\projects\accsaverv2\accsaverv2\x64\release\accsaverv2.tlog\rc.read.1.tlog
c:\users\björn\documents\visual studio 2015\projects\accsaverv2\accsaverv2\x64\release\accsaverv2.tlog\rc.write.1.tlog
